<?xml version="1.0" encoding="UTF-8"?>
<!-- Generated by org.testng.reporters.JUnitReportReporter -->
<testsuite skipped="0" hostname="DESKTOP-O90GUQ5" name="com.runner.testrunner" tests="2" failures="0" timestamp="08 May 2020 07:14:53 GMT" time="74.670" errors="0">
  <testcase name="runScenario" time="39.780" classname="com.runner.testrunner"/>
  <testcase name="runScenario" time="34.890" classname="com.runner.testrunner"/>
</testsuite> <!-- com.runner.testrunner -->
